<?xml version="1.0" encoding="UTF-8" ?>
<testsuite tests="17" failures="0" name="com.qa.ims.persistence.dao.OrderDAOTest" time="11.786" errors="0" skipped="0">
  <properties>
    <property name="java.runtime.name" value="Java(TM) SE Runtime Environment"/>
    <property name="java.vm.version" value="14.0.1+7"/>
    <property name="sun.boot.library.path" value="C:\Program Files\Java\jdk-14.0.1\bin"/>
    <property name="maven.multiModuleProjectDirectory" value="C:/Users/Ayub/Desktop/final IMS/myIMS"/>
    <property name="java.vm.vendor" value="Oracle Corporation"/>
    <property name="java.vendor.url" value="https://java.oracle.com/"/>
    <property name="guice.disable.misplaced.annotation.check" value="true"/>
    <property name="path.separator" value=";"/>
    <property name="java.vm.name" value="Java HotSpot(TM) 64-Bit Server VM"/>
    <property name="sun.os.patch.level" value=""/>
    <property name="user.script" value=""/>
    <property name="user.country" value="GB"/>
    <property name="sun.java.launcher" value="SUN_STANDARD"/>
    <property name="java.vm.specification.name" value="Java Virtual Machine Specification"/>
    <property name="user.dir" value="C:\Users\Ayub\Desktop\final IMS\myIMS"/>
    <property name="java.vm.compressedOopsMode" value="32-bit"/>
    <property name="java.runtime.version" value="14.0.1+7"/>
    <property name="os.arch" value="amd64"/>
    <property name="java.io.tmpdir" value="C:\Users\Ayub\AppData\Local\Temp\"/>
    <property name="line.separator" value="
"/>
    <property name="java.vm.specification.vendor" value="Oracle Corporation"/>
    <property name="user.variant" value=""/>
    <property name="os.name" value="Windows 10"/>
    <property name="classworlds.conf" value="C:/Users/Ayub/Downloads/apache-maven-3.6.3-bin/apache-maven-3.6.3/bin/m2.conf"/>
    <property name="sun.jnu.encoding" value="Cp1252"/>
    <property name="java.library.path" value="C:\Program Files\Java\jdk-14.0.1\bin;C:\WINDOWS\Sun\Java\bin;C:\WINDOWS\system32;C:\WINDOWS;C:\Users\Ayub\bin;C:\Program Files\Git\mingw64\bin;C:\Program Files\Git\usr\local\bin;C:\Program Files\Git\usr\bin;C:\Program Files\Git\usr\bin;C:\Program Files\Git\mingw64\bin;C:\Program Files\Git\usr\bin;C:\Users\Ayub\bin;C:\WINDOWS\system32;C:\WINDOWS;C:\WINDOWS\System32\Wbem;C:\WINDOWS\System32\WindowsPowerShell\v1.0;C:\WINDOWS\System32\OpenSSH;C:\Program Files\Java\jdk-14.0.1\bin;C:\Users\Ayub\Downloads\apache-maven-3.6.3-bin\apache-maven-3.6.3\bin;C:\Program Files\MySQL\MySQL Shell 8.0\bin;C:\Users\Ayub\AppData\Local\Microsoft\WindowsApps;C:\Users\Ayub\AppData\Local\Programs\Microsoft VS Code\bin;C:\Program Files\Git\usr\bin\vendor_perl;C:\Program Files\Git\usr\bin\core_perl;."/>
    <property name="maven.conf" value="C:/Users/Ayub/Downloads/apache-maven-3.6.3-bin/apache-maven-3.6.3/conf"/>
    <property name="jdk.debug" value="release"/>
    <property name="java.class.version" value="58.0"/>
    <property name="java.specification.name" value="Java Platform API Specification"/>
    <property name="sun.management.compiler" value="HotSpot 64-Bit Tiered Compilers"/>
    <property name="os.version" value="10.0"/>
    <property name="library.jansi.path" value="C:/Users/Ayub/Downloads/apache-maven-3.6.3-bin/apache-maven-3.6.3/lib/jansi-native"/>
    <property name="user.home" value="C:\Users\Ayub"/>
    <property name="user.timezone" value="Europe/London"/>
    <property name="file.encoding" value="Cp1252"/>
    <property name="java.specification.version" value="14"/>
    <property name="user.name" value="Ayub"/>
    <property name="java.class.path" value="C:/Users/Ayub/Downloads/apache-maven-3.6.3-bin/apache-maven-3.6.3/boot/plexus-classworlds-2.6.0.jar"/>
    <property name="java.vm.specification.version" value="14"/>
    <property name="sun.arch.data.model" value="64"/>
    <property name="sun.java.command" value="org.codehaus.plexus.classworlds.launcher.Launcher clean package"/>
    <property name="java.home" value="C:\Program Files\Java\jdk-14.0.1"/>
    <property name="user.language" value="en"/>
    <property name="java.specification.vendor" value="Oracle Corporation"/>
    <property name="java.vm.info" value="mixed mode, sharing"/>
    <property name="java.version" value="14.0.1"/>
    <property name="java.vendor" value="Oracle Corporation"/>
    <property name="maven.home" value="C:\Users\Ayub\Downloads\apache-maven-3.6.3-bin\apache-maven-3.6.3"/>
    <property name="file.separator" value="\"/>
    <property name="java.version.date" value="2020-04-14"/>
    <property name="java.vendor.url.bug" value="https://bugreport.java.com/bugreport/"/>
    <property name="sun.io.unicode.encoding" value="UnicodeLittle"/>
    <property name="sun.cpu.endian" value="little"/>
    <property name="sun.cpu.isalist" value="amd64"/>
  </properties>
  <testcase classname="com.qa.ims.persistence.dao.OrderDAOTest" name="testCreateOrderline" time="0.902"/>
  <testcase classname="com.qa.ims.persistence.dao.OrderDAOTest" name="testReadLatest" time="0.867"/>
  <testcase classname="com.qa.ims.persistence.dao.OrderDAOTest" name="testRead" time="0.666"/>
  <testcase classname="com.qa.ims.persistence.dao.OrderDAOTest" name="testUpdateItem" time="0.694"/>
  <testcase classname="com.qa.ims.persistence.dao.OrderDAOTest" name="testReadLatestFAIL" time="0.687"/>
  <testcase classname="com.qa.ims.persistence.dao.OrderDAOTest" name="testReadOrderFAIL" time="0.581"/>
  <testcase classname="com.qa.ims.persistence.dao.OrderDAOTest" name="testReadItem" time="0.575"/>
  <testcase classname="com.qa.ims.persistence.dao.OrderDAOTest" name="testDeleteOrderline" time="0.807"/>
  <testcase classname="com.qa.ims.persistence.dao.OrderDAOTest" name="testReadAllCustomers" time="0.551"/>
  <testcase classname="com.qa.ims.persistence.dao.OrderDAOTest" name="testCreateFAIL" time="0.576"/>
  <testcase classname="com.qa.ims.persistence.dao.OrderDAOTest" name="testReadAll" time="0.765"/>
  <testcase classname="com.qa.ims.persistence.dao.OrderDAOTest" name="testDeleteItem" time="0.603"/>
  <testcase classname="com.qa.ims.persistence.dao.OrderDAOTest" name="testCreate" time="0.758"/>
  <testcase classname="com.qa.ims.persistence.dao.OrderDAOTest" name="testDelete" time="0.801"/>
  <testcase classname="com.qa.ims.persistence.dao.OrderDAOTest" name="testReadAllItems" time="0.58"/>
  <testcase classname="com.qa.ims.persistence.dao.OrderDAOTest" name="testUpdateDateTime" time="0.613"/>
  <testcase classname="com.qa.ims.persistence.dao.OrderDAOTest" name="testUpdate" time="0.76"/>
</testsuite>